<?xml version="1.0" encoding="UTF-8"?>
<robot generator="Robot 6.1.1 (Python 3.11.4 on win32)" generated="20231102 11:07:52.359" rpa="false" schemaversion="4">
<suite id="s1" name="Robot" source="C:\Users\91938\PycharmProjects\robot">
<suite id="s1-s1" name="Tests" source="C:\Users\91938\PycharmProjects\robot\tests">
<suite id="s1-s1-s1" name="TestDemo1" source="C:\Users\91938\PycharmProjects\robot\tests\TestDemo1.robot">
<test id="s1-s1-s1-t1" name="validate Unsucessfull Login" line="11">
<kw name="open the browser with the url" type="SETUP">
<msg timestamp="20231102 11:07:52.638" level="FAIL">No keyword with name 'open the browser with the url' found.</msg>
<status status="FAIL" starttime="20231102 11:07:52.638" endtime="20231102 11:07:52.639"/>
</kw>
<kw name="close the Browser" type="TEARDOWN">
<kw name="Close Browser" library="SeleniumLibrary">
<doc>Closes the current browser.</doc>
<status status="PASS" starttime="20231102 11:07:52.640" endtime="20231102 11:07:52.640"/>
</kw>
<status status="PASS" starttime="20231102 11:07:52.640" endtime="20231102 11:07:52.640"/>
</kw>
<status status="FAIL" starttime="20231102 11:07:52.636" endtime="20231102 11:07:52.640">Setup failed:
No keyword with name 'open the browser with the url' found.</status>
</test>
<doc>validating the login page</doc>
<status status="FAIL" starttime="20231102 11:07:52.391" endtime="20231102 11:07:52.641"/>
</suite>
<suite id="s1-s1-s2" name="Testdemo3" source="C:\Users\91938\PycharmProjects\robot\tests\Testdemo3.robot">
<test id="s1-s1-s2-t1" name="validate the child window functionality" line="13">
<kw name="open the browser with the url" library="Generic">
<kw name="Create Webdriver" library="SeleniumLibrary">
<arg>Firefox</arg>
<doc>Creates an instance of Selenium WebDriver.</doc>
<msg timestamp="20231102 11:07:52.672" level="INFO">Creating an instance of the Firefox WebDriver.</msg>
<status status="PASS" starttime="20231102 11:07:52.672" endtime="20231102 11:07:59.370"/>
</kw>
<kw name="Go To" library="SeleniumLibrary">
<arg>${url}</arg>
<doc>Navigates the current browser window to the provided ``url``.</doc>
<msg timestamp="20231102 11:07:59.370" level="INFO">Opening url 'https://rahulshettyacademy.com/angularpractice/shop'</msg>
<status status="PASS" starttime="20231102 11:07:59.370" endtime="20231102 11:08:00.812"/>
</kw>
<status status="PASS" starttime="20231102 11:07:52.672" endtime="20231102 11:08:00.813"/>
</kw>
<kw name="select the link of the child window">
<kw name="Click Element" library="SeleniumLibrary">
<arg>css:a[class="blinkingText"]</arg>
<doc>Click the element identified by ``locator``.</doc>
<msg timestamp="20231102 11:08:00.816" level="INFO">Clicking element 'css:a[class="blinkingText"]'.</msg>
<msg timestamp="20231102 11:08:01.158" level="INFO" html="true">&lt;/td&gt;&lt;/tr&gt;&lt;tr&gt;&lt;td colspan="3"&gt;&lt;a href="selenium-screenshot-1.png"&gt;&lt;img src="selenium-screenshot-1.png" width="800px"&gt;&lt;/a&gt;</msg>
<msg timestamp="20231102 11:08:01.159" level="FAIL">Element with locator 'css:a[class="blinkingText"]' not found.</msg>
<status status="FAIL" starttime="20231102 11:08:00.814" endtime="20231102 11:08:01.164"/>
</kw>
<status status="FAIL" starttime="20231102 11:08:00.814" endtime="20231102 11:08:01.164"/>
</kw>
<kw name="verify to use the switchiwindow">
<status status="NOT RUN" starttime="20231102 11:08:01.164" endtime="20231102 11:08:01.164"/>
</kw>
<kw name="grab the email">
<status status="NOT RUN" starttime="20231102 11:08:01.164" endtime="20231102 11:08:01.164"/>
</kw>
<kw name="enter the email in another text">
<status status="NOT RUN" starttime="20231102 11:08:01.164" endtime="20231102 11:08:01.165"/>
</kw>
<kw name="close the Browser" type="TEARDOWN">
<kw name="Close Browser" library="SeleniumLibrary">
<doc>Closes the current browser.</doc>
<status status="PASS" starttime="20231102 11:08:01.166" endtime="20231102 11:08:04.438"/>
</kw>
<status status="PASS" starttime="20231102 11:08:01.165" endtime="20231102 11:08:04.438"/>
</kw>
<status status="FAIL" starttime="20231102 11:07:52.671" endtime="20231102 11:08:04.439">Element with locator 'css:a[class="blinkingText"]' not found.</status>
</test>
<doc>validating the child window</doc>
<status status="FAIL" starttime="20231102 11:07:52.643" endtime="20231102 11:08:04.442"/>
</suite>
<suite id="s1-s1-s3" name="Testdemo4" source="C:\Users\91938\PycharmProjects\robot\tests\Testdemo4.robot">
<test id="s1-s1-s3-t1" name="Invalid username" line="17">
<kw name="open the browser with the url" library="Generic" type="SETUP">
<kw name="Create Webdriver" library="SeleniumLibrary">
<arg>Firefox</arg>
<doc>Creates an instance of Selenium WebDriver.</doc>
<msg timestamp="20231102 11:08:04.537" level="INFO">Creating an instance of the Firefox WebDriver.</msg>
<status status="PASS" starttime="20231102 11:08:04.537" endtime="20231102 11:08:11.862"/>
</kw>
<kw name="Go To" library="SeleniumLibrary">
<arg>${url}</arg>
<doc>Navigates the current browser window to the provided ``url``.</doc>
<msg timestamp="20231102 11:08:11.862" level="INFO">Opening url 'https://rahulshettyacademy.com/angularpractice/shop'</msg>
<status status="PASS" starttime="20231102 11:08:11.862" endtime="20231102 11:08:13.125"/>
</kw>
<status status="PASS" starttime="20231102 11:08:04.537" endtime="20231102 11:08:13.125"/>
</kw>
<kw name="validate unsucessfull login">
<arg>sdkjfskdj</arg>
<arg>learning</arg>
<kw name="fill the new form">
<arg>${username}</arg>
<arg>${password}</arg>
<kw name="Input Text" library="SeleniumLibrary">
<arg>css:[type=text]</arg>
<arg>${username}</arg>
<doc>Types the given ``text`` into the text field identified by ``locator``.</doc>
<msg timestamp="20231102 11:08:13.130" level="INFO">Typing text 'sdkjfskdj' into text field 'css:[type=text]'.</msg>
<msg timestamp="20231102 11:08:13.369" level="INFO" html="true">&lt;/td&gt;&lt;/tr&gt;&lt;tr&gt;&lt;td colspan="3"&gt;&lt;a href="selenium-screenshot-2.png"&gt;&lt;img src="selenium-screenshot-2.png" width="800px"&gt;&lt;/a&gt;</msg>
<msg timestamp="20231102 11:08:13.369" level="FAIL">Element with locator 'css:[type=text]' not found.</msg>
<status status="FAIL" starttime="20231102 11:08:13.129" endtime="20231102 11:08:13.378"/>
</kw>
<kw name="Input Password" library="SeleniumLibrary">
<arg>css:[type=password]</arg>
<arg>${password}</arg>
<doc>Types the given password into the text field identified by ``locator``.</doc>
<status status="NOT RUN" starttime="20231102 11:08:13.378" endtime="20231102 11:08:13.378"/>
</kw>
<status status="FAIL" starttime="20231102 11:08:13.128" endtime="20231102 11:08:13.378"/>
</kw>
<status status="FAIL" starttime="20231102 11:08:13.127" endtime="20231102 11:08:13.379"/>
</kw>
<kw name="close the Browser" type="TEARDOWN">
<kw name="Close Browser" library="SeleniumLibrary">
<doc>Closes the current browser.</doc>
<status status="PASS" starttime="20231102 11:08:13.380" endtime="20231102 11:08:16.686"/>
</kw>
<status status="PASS" starttime="20231102 11:08:13.380" endtime="20231102 11:08:16.687"/>
</kw>
<status status="FAIL" starttime="20231102 11:08:04.535" endtime="20231102 11:08:16.688">Element with locator 'css:[type=text]' not found.</status>
</test>
<test id="s1-s1-s3-t2" name="Invalid password" line="17">
<kw name="open the browser with the url" library="Generic" type="SETUP">
<kw name="Create Webdriver" library="SeleniumLibrary">
<arg>Firefox</arg>
<doc>Creates an instance of Selenium WebDriver.</doc>
<msg timestamp="20231102 11:08:16.698" level="INFO">Creating an instance of the Firefox WebDriver.</msg>
<status status="PASS" starttime="20231102 11:08:16.698" endtime="20231102 11:08:24.511"/>
</kw>
<kw name="Go To" library="SeleniumLibrary">
<arg>${url}</arg>
<doc>Navigates the current browser window to the provided ``url``.</doc>
<msg timestamp="20231102 11:08:24.513" level="INFO">Opening url 'https://rahulshettyacademy.com/angularpractice/shop'</msg>
<status status="PASS" starttime="20231102 11:08:24.511" endtime="20231102 11:08:30.838"/>
</kw>
<status status="PASS" starttime="20231102 11:08:16.696" endtime="20231102 11:08:30.838"/>
</kw>
<kw name="validate unsucessfull login">
<arg>prasad</arg>
<arg>dkjfdlkjf</arg>
<kw name="fill the new form">
<arg>${username}</arg>
<arg>${password}</arg>
<kw name="Input Text" library="SeleniumLibrary">
<arg>css:[type=text]</arg>
<arg>${username}</arg>
<doc>Types the given ``text`` into the text field identified by ``locator``.</doc>
<msg timestamp="20231102 11:08:30.840" level="INFO">Typing text 'prasad' into text field 'css:[type=text]'.</msg>
<msg timestamp="20231102 11:08:31.260" level="INFO" html="true">&lt;/td&gt;&lt;/tr&gt;&lt;tr&gt;&lt;td colspan="3"&gt;&lt;a href="selenium-screenshot-3.png"&gt;&lt;img src="selenium-screenshot-3.png" width="800px"&gt;&lt;/a&gt;</msg>
<msg timestamp="20231102 11:08:31.262" level="FAIL">Element with locator 'css:[type=text]' not found.</msg>
<status status="FAIL" starttime="20231102 11:08:30.839" endtime="20231102 11:08:31.264"/>
</kw>
<kw name="Input Password" library="SeleniumLibrary">
<arg>css:[type=password]</arg>
<arg>${password}</arg>
<doc>Types the given password into the text field identified by ``locator``.</doc>
<status status="NOT RUN" starttime="20231102 11:08:31.264" endtime="20231102 11:08:31.264"/>
</kw>
<status status="FAIL" starttime="20231102 11:08:30.839" endtime="20231102 11:08:31.265"/>
</kw>
<status status="FAIL" starttime="20231102 11:08:30.838" endtime="20231102 11:08:31.265"/>
</kw>
<kw name="close the Browser" type="TEARDOWN">
<kw name="Close Browser" library="SeleniumLibrary">
<doc>Closes the current browser.</doc>
<status status="PASS" starttime="20231102 11:08:31.266" endtime="20231102 11:08:35.056"/>
</kw>
<status status="PASS" starttime="20231102 11:08:31.266" endtime="20231102 11:08:35.056"/>
</kw>
<status status="FAIL" starttime="20231102 11:08:16.692" endtime="20231102 11:08:35.057">Element with locator 'css:[type=text]' not found.</status>
</test>
<test id="s1-s1-s3-t3" name="special characters" line="17">
<kw name="open the browser with the url" library="Generic" type="SETUP">
<kw name="Create Webdriver" library="SeleniumLibrary">
<arg>Firefox</arg>
<doc>Creates an instance of Selenium WebDriver.</doc>
<msg timestamp="20231102 11:08:35.102" level="INFO">Creating an instance of the Firefox WebDriver.</msg>
<status status="PASS" starttime="20231102 11:08:35.102" endtime="20231102 11:08:43.058"/>
</kw>
<kw name="Go To" library="SeleniumLibrary">
<arg>${url}</arg>
<doc>Navigates the current browser window to the provided ``url``.</doc>
<msg timestamp="20231102 11:08:43.058" level="INFO">Opening url 'https://rahulshettyacademy.com/angularpractice/shop'</msg>
<status status="PASS" starttime="20231102 11:08:43.058" endtime="20231102 11:08:44.450"/>
</kw>
<status status="PASS" starttime="20231102 11:08:35.101" endtime="20231102 11:08:44.450"/>
</kw>
<kw name="validate unsucessfull login">
<arg>@erfjn</arg>
<arg>xdkjnd</arg>
<kw name="fill the new form">
<arg>${username}</arg>
<arg>${password}</arg>
<kw name="Input Text" library="SeleniumLibrary">
<arg>css:[type=text]</arg>
<arg>${username}</arg>
<doc>Types the given ``text`` into the text field identified by ``locator``.</doc>
<msg timestamp="20231102 11:08:44.453" level="INFO">Typing text '@erfjn' into text field 'css:[type=text]'.</msg>
<msg timestamp="20231102 11:08:44.604" level="INFO" html="true">&lt;/td&gt;&lt;/tr&gt;&lt;tr&gt;&lt;td colspan="3"&gt;&lt;a href="selenium-screenshot-4.png"&gt;&lt;img src="selenium-screenshot-4.png" width="800px"&gt;&lt;/a&gt;</msg>
<msg timestamp="20231102 11:08:44.604" level="FAIL">Element with locator 'css:[type=text]' not found.</msg>
<status status="FAIL" starttime="20231102 11:08:44.452" endtime="20231102 11:08:44.605"/>
</kw>
<kw name="Input Password" library="SeleniumLibrary">
<arg>css:[type=password]</arg>
<arg>${password}</arg>
<doc>Types the given password into the text field identified by ``locator``.</doc>
<status status="NOT RUN" starttime="20231102 11:08:44.605" endtime="20231102 11:08:44.605"/>
</kw>
<status status="FAIL" starttime="20231102 11:08:44.452" endtime="20231102 11:08:44.605"/>
</kw>
<status status="FAIL" starttime="20231102 11:08:44.451" endtime="20231102 11:08:44.605"/>
</kw>
<kw name="close the Browser" type="TEARDOWN">
<kw name="Close Browser" library="SeleniumLibrary">
<doc>Closes the current browser.</doc>
<status status="PASS" starttime="20231102 11:08:44.606" endtime="20231102 11:08:48.155"/>
</kw>
<status status="PASS" starttime="20231102 11:08:44.606" endtime="20231102 11:08:48.155"/>
</kw>
<status status="FAIL" starttime="20231102 11:08:35.096" endtime="20231102 11:08:48.156">Element with locator 'css:[type=text]' not found.</status>
</test>
<doc>validating the child window</doc>
<status status="FAIL" starttime="20231102 11:08:04.447" endtime="20231102 11:08:48.160"/>
</suite>
<suite id="s1-s1-s4" name="Testdemo5" source="C:\Users\91938\PycharmProjects\robot\tests\Testdemo5.robot">
<test id="s1-s1-s4-t1" name="card titles checking in the shop page" line="19">
<kw name="open the browser with the url" library="Generic" type="SETUP">
<kw name="Create Webdriver" library="SeleniumLibrary">
<arg>Firefox</arg>
<doc>Creates an instance of Selenium WebDriver.</doc>
<msg timestamp="20231102 11:08:48.230" level="INFO">Creating an instance of the Firefox WebDriver.</msg>
<status status="PASS" starttime="20231102 11:08:48.230" endtime="20231102 11:08:55.113"/>
</kw>
<kw name="Go To" library="SeleniumLibrary">
<arg>${url}</arg>
<doc>Navigates the current browser window to the provided ``url``.</doc>
<msg timestamp="20231102 11:08:55.114" level="INFO">Opening url 'https://rahulshettyacademy.com/angularpractice/shop'</msg>
<status status="PASS" starttime="20231102 11:08:55.113" endtime="20231102 11:08:56.366"/>
</kw>
<status status="PASS" starttime="20231102 11:08:48.229" endtime="20231102 11:08:56.366"/>
</kw>
<kw name="select the Card" library="ShopPage">
<arg>Samsung Note 8</arg>
<kw name="Get WebElements" library="SeleniumLibrary">
<var>${elements}</var>
<arg>css:.card-title</arg>
<doc>Returns a list of WebElement objects matching the ``locator``.</doc>
<msg timestamp="20231102 11:08:56.418" level="INFO">${elements} = [&lt;selenium.webdriver.remote.webelement.WebElement (session="d6051519-6731-4628-9654-4a73b21468aa", element="73bc9cf7-87a4-42ec-908a-2f7540bb3df5")&gt;, &lt;selenium.webdriver.remote.webelement.WebElement (s...</msg>
<status status="PASS" starttime="20231102 11:08:56.368" endtime="20231102 11:08:56.418"/>
</kw>
<kw name="Set Variable" library="BuiltIn">
<var>${index}</var>
<arg>1</arg>
<doc>Returns the given values which can then be assigned to a variables.</doc>
<msg timestamp="20231102 11:08:56.418" level="INFO">${index} = 1</msg>
<status status="PASS" starttime="20231102 11:08:56.418" endtime="20231102 11:08:56.418"/>
</kw>
<for flavor="IN">
<var>${element}</var>
<value>@{elements}</value>
<iter>
<var name="${element}">&lt;selenium.webdriver.remote.webelement.WebElement (session="d6051519-6731-4628-9654-4a73b21468aa", element="73bc9cf7-87a4-42ec-908a-2f7540bb3df5")&gt;</var>
<kw name="Exit For Loop If" library="BuiltIn">
<arg>'${cardname}' == '${element.text}'</arg>
<doc>Stops executing the enclosing FOR loop if the ``condition`` is true.</doc>
<status status="PASS" starttime="20231102 11:08:56.419" endtime="20231102 11:08:56.468"/>
</kw>
<kw name="Evaluate" library="BuiltIn">
<var>${index}</var>
<arg>${index} + 1</arg>
<doc>Evaluates the given expression in Python and returns the result.</doc>
<msg timestamp="20231102 11:08:56.468" level="INFO">${index} = 2</msg>
<status status="PASS" starttime="20231102 11:08:56.468" endtime="20231102 11:08:56.469"/>
</kw>
<status status="PASS" starttime="20231102 11:08:56.419" endtime="20231102 11:08:56.469"/>
</iter>
<iter>
<var name="${element}">&lt;selenium.webdriver.remote.webelement.WebElement (session="d6051519-6731-4628-9654-4a73b21468aa", element="a58816de-9c64-4bd1-92dd-4c0c0d1ba337")&gt;</var>
<kw name="Exit For Loop If" library="BuiltIn">
<arg>'${cardname}' == '${element.text}'</arg>
<doc>Stops executing the enclosing FOR loop if the ``condition`` is true.</doc>
<msg timestamp="20231102 11:08:56.482" level="INFO">Exiting for loop altogether.</msg>
<status status="PASS" starttime="20231102 11:08:56.469" endtime="20231102 11:08:56.482"/>
</kw>
<kw name="Evaluate" library="BuiltIn">
<var>${index}</var>
<arg>${index} + 1</arg>
<doc>Evaluates the given expression in Python and returns the result.</doc>
<status status="NOT RUN" starttime="20231102 11:08:56.483" endtime="20231102 11:08:56.483"/>
</kw>
<status status="PASS" starttime="20231102 11:08:56.469" endtime="20231102 11:08:56.483"/>
</iter>
<status status="PASS" starttime="20231102 11:08:56.419" endtime="20231102 11:08:56.483"/>
</for>
<kw name="Click Button" library="SeleniumLibrary">
<arg>xpath:(//div[@class="card-footer"])[${index}]/button</arg>
<doc>Clicks the button identified by ``locator``.</doc>
<msg timestamp="20231102 11:08:56.484" level="INFO">Clicking button 'xpath:(//div[@class="card-footer"])[2]/button'.</msg>
<status status="PASS" starttime="20231102 11:08:56.483" endtime="20231102 11:08:56.794"/>
</kw>
<kw name="Click Element" library="SeleniumLibrary">
<arg>css:.nav-link.btn.btn-primary</arg>
<doc>Click the element identified by ``locator``.</doc>
<msg timestamp="20231102 11:08:56.795" level="INFO">Clicking element 'css:.nav-link.btn.btn-primary'.</msg>
<status status="PASS" starttime="20231102 11:08:56.794" endtime="20231102 11:08:57.075"/>
</kw>
<status status="PASS" starttime="20231102 11:08:56.367" endtime="20231102 11:08:57.075"/>
</kw>
<kw name="Add Items To The Card Checkout" library="Shop">
<arg>${listofproducts}</arg>
<status status="PASS" starttime="20231102 11:08:57.076" endtime="20231102 11:08:57.082"/>
</kw>
<kw name="Verify items in the Checkout Page and Proceed" library="checkoutpage">
<kw name="Click Element" library="SeleniumLibrary">
<arg>css:button[class*=btn-success]</arg>
<doc>Click the element identified by ``locator``.</doc>
<msg timestamp="20231102 11:08:57.084" level="INFO">Clicking element 'css:button[class*=btn-success]'.</msg>
<status status="PASS" starttime="20231102 11:08:57.084" endtime="20231102 11:08:57.373"/>
</kw>
<status status="PASS" starttime="20231102 11:08:57.083" endtime="20231102 11:08:57.373"/>
</kw>
<kw name="Enter the country and select the terms" library="confirmationPage">
<arg>${country_name}</arg>
<kw name="Input Text" library="SeleniumLibrary">
<arg>country</arg>
<arg>${country_name}</arg>
<doc>Types the given ``text`` into the text field identified by ``locator``.</doc>
<msg timestamp="20231102 11:08:57.375" level="INFO">Typing text 'India' into text field 'country'.</msg>
<status status="PASS" starttime="20231102 11:08:57.374" endtime="20231102 11:08:57.502"/>
</kw>
<kw name="wait until element passed is located on page" library="Generic">
<arg>//a[text()='${country_name}']</arg>
<kw name="Wait Until Element Is Visible" library="SeleniumLibrary">
<arg>${page_locator}</arg>
<doc>Waits until the element ``locator`` is visible.</doc>
<msg timestamp="20231102 11:09:02.624" level="INFO" html="true">&lt;/td&gt;&lt;/tr&gt;&lt;tr&gt;&lt;td colspan="3"&gt;&lt;a href="selenium-screenshot-5.png"&gt;&lt;img src="selenium-screenshot-5.png" width="800px"&gt;&lt;/a&gt;</msg>
<msg timestamp="20231102 11:09:02.627" level="FAIL">Element '//a[text()='India']' not visible after 5 seconds.</msg>
<status status="FAIL" starttime="20231102 11:08:57.502" endtime="20231102 11:09:02.665"/>
</kw>
<status status="FAIL" starttime="20231102 11:08:57.502" endtime="20231102 11:09:02.665"/>
</kw>
<kw name="Click Element" library="SeleniumLibrary">
<arg>//a[text()='${country_name}']</arg>
<doc>Click the element identified by ``locator``.</doc>
<status status="NOT RUN" starttime="20231102 11:09:02.665" endtime="20231102 11:09:02.665"/>
</kw>
<kw name="Sleep" library="BuiltIn">
<arg>2</arg>
<doc>Pauses the test executed for the given time.</doc>
<status status="NOT RUN" starttime="20231102 11:09:02.665" endtime="20231102 11:09:02.665"/>
</kw>
<kw name="Click Element" library="SeleniumLibrary">
<arg>css:.checkbox label</arg>
<doc>Click the element identified by ``locator``.</doc>
<status status="NOT RUN" starttime="20231102 11:09:02.665" endtime="20231102 11:09:02.665"/>
</kw>
<status status="FAIL" starttime="20231102 11:08:57.374" endtime="20231102 11:09:02.665"/>
</kw>
<kw name="purchase the final product and confirm" library="confirmationPage">
<status status="NOT RUN" starttime="20231102 11:09:02.665" endtime="20231102 11:09:02.665"/>
</kw>
<kw name="close the Browser" library="Generic" type="TEARDOWN">
<kw name="Close Browser" library="SeleniumLibrary">
<doc>Closes the current browser.</doc>
<status status="PASS" starttime="20231102 11:09:02.667" endtime="20231102 11:09:06.480"/>
</kw>
<status status="PASS" starttime="20231102 11:09:02.667" endtime="20231102 11:09:06.480"/>
</kw>
<tag>SMOKE</tag>
<status status="FAIL" starttime="20231102 11:08:48.228" endtime="20231102 11:09:06.488">Element '//a[text()='India']' not visible after 5 seconds.</status>
</test>
<test id="s1-s1-s4-t2" name="close the Browser" line="29">
<kw name="open the browser with the url" library="Generic" type="SETUP">
<kw name="Create Webdriver" library="SeleniumLibrary">
<arg>Firefox</arg>
<doc>Creates an instance of Selenium WebDriver.</doc>
<msg timestamp="20231102 11:09:06.491" level="INFO">Creating an instance of the Firefox WebDriver.</msg>
<status status="PASS" starttime="20231102 11:09:06.491" endtime="20231102 11:09:13.619"/>
</kw>
<kw name="Go To" library="SeleniumLibrary">
<arg>${url}</arg>
<doc>Navigates the current browser window to the provided ``url``.</doc>
<msg timestamp="20231102 11:09:13.621" level="INFO">Opening url 'https://rahulshettyacademy.com/angularpractice/shop'</msg>
<status status="PASS" starttime="20231102 11:09:13.619" endtime="20231102 11:09:15.103"/>
</kw>
<status status="PASS" starttime="20231102 11:09:06.491" endtime="20231102 11:09:15.103"/>
</kw>
<kw name="Close Browser" library="SeleniumLibrary">
<doc>Closes the current browser.</doc>
<status status="PASS" starttime="20231102 11:09:15.104" endtime="20231102 11:09:18.765"/>
</kw>
<kw name="close the Browser" library="Generic" type="TEARDOWN">
<kw name="Close Browser" library="SeleniumLibrary">
<doc>Closes the current browser.</doc>
<status status="PASS" starttime="20231102 11:09:18.768" endtime="20231102 11:09:18.768"/>
</kw>
<status status="PASS" starttime="20231102 11:09:18.766" endtime="20231102 11:09:18.768"/>
</kw>
<status status="PASS" starttime="20231102 11:09:06.491" endtime="20231102 11:09:18.769"/>
</test>
<doc>validating the login page</doc>
<status status="FAIL" starttime="20231102 11:08:48.165" endtime="20231102 11:09:18.772"/>
</suite>
<status status="FAIL" starttime="20231102 11:07:52.388" endtime="20231102 11:09:18.778"/>
</suite>
<status status="FAIL" starttime="20231102 11:07:52.361" endtime="20231102 11:09:18.783"/>
</suite>
<statistics>
<total>
<stat pass="1" fail="6" skip="0">All Tests</stat>
</total>
<tag>
<stat pass="0" fail="1" skip="0">SMOKE</stat>
</tag>
<suite>
<stat pass="1" fail="6" skip="0" id="s1" name="Robot">Robot</stat>
<stat pass="1" fail="6" skip="0" id="s1-s1" name="Tests">Robot.Tests</stat>
<stat pass="0" fail="1" skip="0" id="s1-s1-s1" name="TestDemo1">Robot.Tests.TestDemo1</stat>
<stat pass="0" fail="1" skip="0" id="s1-s1-s2" name="Testdemo3">Robot.Tests.Testdemo3</stat>
<stat pass="0" fail="3" skip="0" id="s1-s1-s3" name="Testdemo4">Robot.Tests.Testdemo4</stat>
<stat pass="1" fail="1" skip="0" id="s1-s1-s4" name="Testdemo5">Robot.Tests.Testdemo5</stat>
</suite>
</statistics>
<errors>
</errors>
</robot>
