<?xml version="1.0" encoding="UTF-8"?>
<robot generator="Robot 6.1.1 (Python 3.11.4 on win32)" generated="20231102 18:07:10.885" rpa="false" schemaversion="4">
<suite id="s1" name="Testdemo7" source="C:\Users\91938\PycharmProjects\robot\tests\testdemo7.robot">
<test id="s1-t1" name="Play around with dictionary" line="9">
<kw name="Create Dictionary" library="BuiltIn">
<var>&amp;{data}</var>
<arg>name=prasad</arg>
<arg>course=python</arg>
<arg>website=prasad.com</arg>
<doc>Creates and returns a dictionary based on the given ``items``.</doc>
<msg timestamp="20231102 18:07:10.943" level="INFO">&amp;{data} = { name=prasad | course=python | website=prasad.com }</msg>
<status status="PASS" starttime="20231102 18:07:10.942" endtime="20231102 18:07:10.943"/>
</kw>
<kw name="Log" library="BuiltIn">
<arg>${data}</arg>
<doc>Logs the given message with the given level.</doc>
<msg timestamp="20231102 18:07:10.944" level="INFO">{'name': 'prasad', 'course': 'python', 'website': 'prasad.com'}</msg>
<status status="PASS" starttime="20231102 18:07:10.943" endtime="20231102 18:07:10.944"/>
</kw>
<kw name="Dictionary Should Contain Key" library="Collections">
<arg>${data}</arg>
<arg>name</arg>
<doc>Fails if ``key`` is not found from ``dictionary``.</doc>
<status status="PASS" starttime="20231102 18:07:10.945" endtime="20231102 18:07:10.945"/>
</kw>
<kw name="Log" library="BuiltIn">
<arg>${data}[name]</arg>
<doc>Logs the given message with the given level.</doc>
<msg timestamp="20231102 18:07:10.946" level="INFO">prasad</msg>
<status status="PASS" starttime="20231102 18:07:10.945" endtime="20231102 18:07:10.946"/>
</kw>
<kw name="Get From Dictionary" library="Collections">
<var>${url}</var>
<arg>${data}</arg>
<arg>course</arg>
<doc>Returns a value from the given ``dictionary`` based on the given ``key``.</doc>
<msg timestamp="20231102 18:07:10.947" level="INFO">${url} = python</msg>
<status status="PASS" starttime="20231102 18:07:10.947" endtime="20231102 18:07:10.948"/>
</kw>
<kw name="Log" library="BuiltIn">
<arg>${url}</arg>
<doc>Logs the given message with the given level.</doc>
<msg timestamp="20231102 18:07:10.948" level="INFO">python</msg>
<status status="PASS" starttime="20231102 18:07:10.948" endtime="20231102 18:07:10.948"/>
</kw>
<status status="PASS" starttime="20231102 18:07:10.942" endtime="20231102 18:07:10.949"/>
</test>
<test id="s1-t2" name="Add Book into Library Database" line="17">
<kw name="Create Dictionary" library="BuiltIn">
<var>&amp;{req_body}</var>
<arg>name=robotframe</arg>
<arg>isbn=9896</arg>
<arg>aisle=092093</arg>
<arg>author=prasad</arg>
<doc>Creates and returns a dictionary based on the given ``items``.</doc>
<msg timestamp="20231102 18:07:10.950" level="INFO">&amp;{req_body} = { name=robotframe | isbn=9896 | aisle=092093 | author=prasad }</msg>
<status status="PASS" starttime="20231102 18:07:10.950" endtime="20231102 18:07:10.950"/>
</kw>
<kw name="POST">
<arg>${base_url}/Library/Addbook.php</arg>
<arg>json=${req_body}</arg>
<arg>expected_status=200</arg>
<msg timestamp="20231102 18:07:10.952" level="FAIL">No keyword with name 'POST' found.</msg>
<status status="FAIL" starttime="20231102 18:07:10.952" endtime="20231102 18:07:10.952"/>
</kw>
<status status="FAIL" starttime="20231102 18:07:10.949" endtime="20231102 18:07:10.953">No keyword with name 'POST' found.</status>
</test>
<status status="FAIL" starttime="20231102 18:07:10.886" endtime="20231102 18:07:10.955"/>
</suite>
<statistics>
<total>
<stat pass="1" fail="1" skip="0">All Tests</stat>
</total>
<tag>
</tag>
<suite>
<stat pass="1" fail="1" skip="0" id="s1" name="Testdemo7">Testdemo7</stat>
</suite>
</statistics>
<errors>
<msg timestamp="20231102 18:07:10.938" level="ERROR">Error in file 'C:\Users\91938\PycharmProjects\robot\tests\testdemo7.robot' on line 3: Importing library 'Requests' failed: ModuleNotFoundError: No module named 'Requests'
Traceback (most recent call last):
  None
PYTHONPATH:
  C:\Users\91938\AppData\Local\Programs\Python\Python311\Scripts\robot.exe
  C:\Users\91938\AppData\Local\Programs\Python\Python311\python311.zip
  C:\Users\91938\AppData\Local\Programs\Python\Python311\DLLs
  C:\Users\91938\AppData\Local\Programs\Python\Python311\Lib
  C:\Users\91938\AppData\Local\Programs\Python\Python311
  C:\Users\91938\AppData\Roaming\Python\Python311\site-packages
  C:\Users\91938\AppData\Local\Programs\Python\Python311\Lib\site-packages
  C:\Users\91938\AppData\Local\Programs\Python\Python311\Lib\site-packages\win32
  C:\Users\91938\AppData\Local\Programs\Python\Python311\Lib\site-packages\win32\lib
  C:\Users\91938\AppData\Local\Programs\Python\Python311\Lib\site-packages\Pythonwin</msg>
</errors>
</robot>
