<?xml version="1.0" encoding="UTF-8"?>
<robot generator="Robot 6.1.1 (Python 3.11.4 on win32)" generated="20231102 12:29:44.379" rpa="false" schemaversion="4">
<suite id="s1" name="Testdemo5" source="C:\Users\91938\PycharmProjects\robot\tests\Testdemo5.robot">
<test id="s1-t1" name="card titles checking in the shop page" line="19">
<kw name="open the browser with the url" library="Generic" type="SETUP">
<kw name="Create Webdriver" library="SeleniumLibrary">
<arg>${browser_name}</arg>
<doc>Creates an instance of Selenium WebDriver.</doc>
<msg timestamp="20231102 12:29:44.708" level="INFO">Creating an instance of the Firefox WebDriver.</msg>
<status status="PASS" starttime="20231102 12:29:44.708" endtime="20231102 12:29:51.636"/>
</kw>
<kw name="Go To" library="SeleniumLibrary">
<arg>${url}</arg>
<doc>Navigates the current browser window to the provided ``url``.</doc>
<msg timestamp="20231102 12:29:51.636" level="INFO">Opening url 'https://rahulshettyacademy.com/angularpractice/shop'</msg>
<status status="PASS" starttime="20231102 12:29:51.636" endtime="20231102 12:29:52.739"/>
</kw>
<status status="PASS" starttime="20231102 12:29:44.708" endtime="20231102 12:29:52.739"/>
</kw>
<kw name="select the Card" library="ShopPage">
<arg>Samsung Note 8</arg>
<kw name="Get WebElements" library="SeleniumLibrary">
<var>${elements}</var>
<arg>css:.card-title</arg>
<doc>Returns a list of WebElement objects matching the ``locator``.</doc>
<msg timestamp="20231102 12:29:52.787" level="INFO">${elements} = [&lt;selenium.webdriver.remote.webelement.WebElement (session="c5d93b64-7197-4dd3-bd7d-0528930df565", element="6c320b09-217b-4c53-8570-e884bc753c19")&gt;, &lt;selenium.webdriver.remote.webelement.WebElement (s...</msg>
<status status="PASS" starttime="20231102 12:29:52.741" endtime="20231102 12:29:52.787"/>
</kw>
<kw name="Set Variable" library="BuiltIn">
<var>${index}</var>
<arg>1</arg>
<doc>Returns the given values which can then be assigned to a variables.</doc>
<msg timestamp="20231102 12:29:52.795" level="INFO">${index} = 1</msg>
<status status="PASS" starttime="20231102 12:29:52.787" endtime="20231102 12:29:52.795"/>
</kw>
<for flavor="IN">
<var>${element}</var>
<value>@{elements}</value>
<iter>
<var name="${element}">&lt;selenium.webdriver.remote.webelement.WebElement (session="c5d93b64-7197-4dd3-bd7d-0528930df565", element="6c320b09-217b-4c53-8570-e884bc753c19")&gt;</var>
<kw name="Exit For Loop If" library="BuiltIn">
<arg>'${cardname}' == '${element.text}'</arg>
<doc>Stops executing the enclosing FOR loop if the ``condition`` is true.</doc>
<status status="PASS" starttime="20231102 12:29:52.795" endtime="20231102 12:29:52.835"/>
</kw>
<kw name="Evaluate" library="BuiltIn">
<var>${index}</var>
<arg>${index} + 1</arg>
<doc>Evaluates the given expression in Python and returns the result.</doc>
<msg timestamp="20231102 12:29:52.835" level="INFO">${index} = 2</msg>
<status status="PASS" starttime="20231102 12:29:52.835" endtime="20231102 12:29:52.835"/>
</kw>
<status status="PASS" starttime="20231102 12:29:52.795" endtime="20231102 12:29:52.835"/>
</iter>
<iter>
<var name="${element}">&lt;selenium.webdriver.remote.webelement.WebElement (session="c5d93b64-7197-4dd3-bd7d-0528930df565", element="11e4a8b2-6eb9-4f1e-8e5a-d3c22261c368")&gt;</var>
<kw name="Exit For Loop If" library="BuiltIn">
<arg>'${cardname}' == '${element.text}'</arg>
<doc>Stops executing the enclosing FOR loop if the ``condition`` is true.</doc>
<msg timestamp="20231102 12:29:52.843" level="INFO">Exiting for loop altogether.</msg>
<status status="PASS" starttime="20231102 12:29:52.835" endtime="20231102 12:29:52.843"/>
</kw>
<kw name="Evaluate" library="BuiltIn">
<var>${index}</var>
<arg>${index} + 1</arg>
<doc>Evaluates the given expression in Python and returns the result.</doc>
<status status="NOT RUN" starttime="20231102 12:29:52.843" endtime="20231102 12:29:52.843"/>
</kw>
<status status="PASS" starttime="20231102 12:29:52.835" endtime="20231102 12:29:52.843"/>
</iter>
<status status="PASS" starttime="20231102 12:29:52.795" endtime="20231102 12:29:52.843"/>
</for>
<kw name="Click Button" library="SeleniumLibrary">
<arg>xpath:(//div[@class="card-footer"])[${index}]/button</arg>
<doc>Clicks the button identified by ``locator``.</doc>
<msg timestamp="20231102 12:29:52.843" level="INFO">Clicking button 'xpath:(//div[@class="card-footer"])[2]/button'.</msg>
<status status="PASS" starttime="20231102 12:29:52.843" endtime="20231102 12:29:53.109"/>
</kw>
<kw name="Click Element" library="SeleniumLibrary">
<arg>css:.nav-link.btn.btn-primary</arg>
<doc>Click the element identified by ``locator``.</doc>
<msg timestamp="20231102 12:29:53.109" level="INFO">Clicking element 'css:.nav-link.btn.btn-primary'.</msg>
<status status="PASS" starttime="20231102 12:29:53.109" endtime="20231102 12:29:53.367"/>
</kw>
<status status="PASS" starttime="20231102 12:29:52.741" endtime="20231102 12:29:53.367"/>
</kw>
<kw name="Add Items To The Card Checkout" library="Shop">
<arg>${listofproducts}</arg>
<status status="PASS" starttime="20231102 12:29:53.367" endtime="20231102 12:29:53.375"/>
</kw>
<kw name="Verify items in the Checkout Page and Proceed" library="checkoutpage">
<kw name="Click Element" library="SeleniumLibrary">
<arg>css:button[class*=btn-success]</arg>
<doc>Click the element identified by ``locator``.</doc>
<msg timestamp="20231102 12:29:53.375" level="INFO">Clicking element 'css:button[class*=btn-success]'.</msg>
<status status="PASS" starttime="20231102 12:29:53.375" endtime="20231102 12:29:53.665"/>
</kw>
<status status="PASS" starttime="20231102 12:29:53.375" endtime="20231102 12:29:53.665"/>
</kw>
<kw name="Enter the country and select the terms" library="confirmationPage">
<arg>${country_name}</arg>
<kw name="Input Text" library="SeleniumLibrary">
<arg>country</arg>
<arg>${country_name}</arg>
<doc>Types the given ``text`` into the text field identified by ``locator``.</doc>
<msg timestamp="20231102 12:29:53.665" level="INFO">Typing text 'India' into text field 'country'.</msg>
<status status="PASS" starttime="20231102 12:29:53.665" endtime="20231102 12:29:53.796"/>
</kw>
<kw name="wait until element passed is located on page" library="Generic">
<arg>//a[text()='${country_name}']</arg>
<kw name="Wait Until Element Is Visible" library="SeleniumLibrary">
<arg>${page_locator}</arg>
<doc>Waits until the element ``locator`` is visible.</doc>
<status status="PASS" starttime="20231102 12:29:53.796" endtime="20231102 12:29:58.835"/>
</kw>
<status status="PASS" starttime="20231102 12:29:53.796" endtime="20231102 12:29:58.835"/>
</kw>
<kw name="Click Element" library="SeleniumLibrary">
<arg>//a[text()='${country_name}']</arg>
<doc>Click the element identified by ``locator``.</doc>
<msg timestamp="20231102 12:29:58.835" level="INFO">Clicking element '//a[text()='India']'.</msg>
<status status="PASS" starttime="20231102 12:29:58.835" endtime="20231102 12:29:59.072"/>
</kw>
<kw name="Sleep" library="BuiltIn">
<arg>2</arg>
<doc>Pauses the test executed for the given time.</doc>
<msg timestamp="20231102 12:30:01.072" level="INFO">Slept 2 seconds</msg>
<status status="PASS" starttime="20231102 12:29:59.072" endtime="20231102 12:30:01.072"/>
</kw>
<kw name="Click Element" library="SeleniumLibrary">
<arg>css:.checkbox label</arg>
<doc>Click the element identified by ``locator``.</doc>
<msg timestamp="20231102 12:30:01.073" level="INFO">Clicking element 'css:.checkbox label'.</msg>
<status status="PASS" starttime="20231102 12:30:01.073" endtime="20231102 12:30:01.318"/>
</kw>
<status status="PASS" starttime="20231102 12:29:53.665" endtime="20231102 12:30:01.318"/>
</kw>
<kw name="purchase the final product and confirm" library="confirmationPage">
<kw name="Click Button" library="SeleniumLibrary">
<arg>css:.btn-success</arg>
<doc>Clicks the button identified by ``locator``.</doc>
<msg timestamp="20231102 12:30:01.325" level="INFO">Clicking button 'css:.btn-success'.</msg>
<status status="PASS" starttime="20231102 12:30:01.318" endtime="20231102 12:30:01.594"/>
</kw>
<kw name="Page Should Contain" library="SeleniumLibrary">
<arg>Success!</arg>
<doc>Verifies that current page contains ``text``.</doc>
<msg timestamp="20231102 12:30:01.609" level="INFO">Current page contains text 'Success!'.</msg>
<status status="PASS" starttime="20231102 12:30:01.594" endtime="20231102 12:30:01.609"/>
</kw>
<status status="PASS" starttime="20231102 12:30:01.318" endtime="20231102 12:30:01.609"/>
</kw>
<kw name="close the Browser" library="Generic" type="TEARDOWN">
<kw name="Close Browser" library="SeleniumLibrary">
<doc>Closes the current browser.</doc>
<status status="PASS" starttime="20231102 12:30:01.617" endtime="20231102 12:30:05.060"/>
</kw>
<status status="PASS" starttime="20231102 12:30:01.609" endtime="20231102 12:30:05.060"/>
</kw>
<tag>SMOKE</tag>
<status status="PASS" starttime="20231102 12:29:44.708" endtime="20231102 12:30:05.064"/>
</test>
<test id="s1-t2" name="close the Browser" line="29">
<kw name="open the browser with the url" library="Generic" type="SETUP">
<kw name="Create Webdriver" library="SeleniumLibrary">
<arg>${browser_name}</arg>
<doc>Creates an instance of Selenium WebDriver.</doc>
<msg timestamp="20231102 12:30:05.066" level="INFO">Creating an instance of the Firefox WebDriver.</msg>
<status status="PASS" starttime="20231102 12:30:05.066" endtime="20231102 12:30:11.886"/>
</kw>
<kw name="Go To" library="SeleniumLibrary">
<arg>${url}</arg>
<doc>Navigates the current browser window to the provided ``url``.</doc>
<msg timestamp="20231102 12:30:11.886" level="INFO">Opening url 'https://rahulshettyacademy.com/angularpractice/shop'</msg>
<status status="PASS" starttime="20231102 12:30:11.886" endtime="20231102 12:30:13.561"/>
</kw>
<status status="PASS" starttime="20231102 12:30:05.066" endtime="20231102 12:30:13.561"/>
</kw>
<kw name="Close Browser" library="SeleniumLibrary">
<doc>Closes the current browser.</doc>
<status status="PASS" starttime="20231102 12:30:13.561" endtime="20231102 12:30:16.599"/>
</kw>
<kw name="close the Browser" library="Generic" type="TEARDOWN">
<kw name="Close Browser" library="SeleniumLibrary">
<doc>Closes the current browser.</doc>
<status status="PASS" starttime="20231102 12:30:16.601" endtime="20231102 12:30:16.601"/>
</kw>
<status status="PASS" starttime="20231102 12:30:16.601" endtime="20231102 12:30:16.601"/>
</kw>
<status status="PASS" starttime="20231102 12:30:05.066" endtime="20231102 12:30:16.601"/>
</test>
<doc>validating the login page</doc>
<status status="PASS" starttime="20231102 12:29:44.401" endtime="20231102 12:30:16.601"/>
</suite>
<statistics>
<total>
<stat pass="2" fail="0" skip="0">All Tests</stat>
</total>
<tag>
<stat pass="1" fail="0" skip="0">SMOKE</stat>
</tag>
<suite>
<stat pass="2" fail="0" skip="0" id="s1" name="Testdemo5">Testdemo5</stat>
</suite>
</statistics>
<errors>
</errors>
</robot>
